<?xml version="1.0" encoding="UTF-8"?>
<robot generator="Robot 6.0.1 (Python 3.10.7 on darwin)" generated="20221111 10:18:15.628" rpa="false" schemaversion="3">
<suite id="s1" name="ShoppingPage Testcases" source="/Users/testvagrant/Downloads/RobotFrameWork/testcases/ShoppingPage_Testcases.robot">
<test id="s1-t1" name="Automation on Demo Store Super Sqa Clothing to add a product" line="11">
<kw name="Login into demoStoreSuperSqa Clothing" library="ShoppingPage_keywords">
<kw name="Launch Browser" library="UICommonKeywords">
<kw name="Open Browser" library="SeleniumLibrary">
<arg>http://demostore.supersqa.com/</arg>
<arg>chrome</arg>
<doc>Opens a new browser instance to the optional ``url``.</doc>
<msg timestamp="20221111 10:18:15.718" level="INFO">Opening browser 'chrome' to base url 'http://demostore.supersqa.com/'.</msg>
<status status="PASS" starttime="20221111 10:18:15.718" endtime="20221111 10:18:20.754"/>
</kw>
<kw name="Maximize Browser Window" library="SeleniumLibrary">
<doc>Maximizes current browser window.</doc>
<status status="PASS" starttime="20221111 10:18:20.755" endtime="20221111 10:18:20.904"/>
</kw>
<status status="PASS" starttime="20221111 10:18:15.718" endtime="20221111 10:18:20.904"/>
</kw>
<kw name="Click Element" library="SeleniumLibrary">
<arg>${navigate_to_login_page}</arg>
<doc>Click the element identified by ``locator``.</doc>
<msg timestamp="20221111 10:18:20.905" level="INFO">Clicking element '//a[@href='http://demostore.supersqa.com/my-account/'][1]'.</msg>
<status status="PASS" starttime="20221111 10:18:20.904" endtime="20221111 10:18:21.856"/>
</kw>
<kw name="Input Text" library="SeleniumLibrary">
<arg>${login_username_textbox}</arg>
<arg>${EMAIL}</arg>
<doc>Types the given ``text`` into the text field identified by ``locator``.</doc>
<msg timestamp="20221111 10:18:21.857" level="INFO">Typing text 'vetriveld35@gmail.com' into text field '//input[@id='username']'.</msg>
<status status="PASS" starttime="20221111 10:18:21.857" endtime="20221111 10:18:22.045"/>
</kw>
<kw name="Input Password" library="SeleniumLibrary">
<arg>${login_password_textbox}</arg>
<arg>${PASSWORD}</arg>
<doc>Types the given password into the text field identified by ``locator``.</doc>
<msg timestamp="20221111 10:18:22.046" level="INFO">Typing password into text field '//input[@id='password']'.</msg>
<msg timestamp="20221111 10:18:22.063" level="INFO">Temporally setting log level to: NONE</msg>
<msg timestamp="20221111 10:18:22.087" level="INFO">Log level changed from NONE to INFO.</msg>
<status status="PASS" starttime="20221111 10:18:22.046" endtime="20221111 10:18:22.087"/>
</kw>
<kw name="Click Element" library="SeleniumLibrary">
<arg>${login_submit_button}</arg>
<doc>Click the element identified by ``locator``.</doc>
<msg timestamp="20221111 10:18:22.087" level="INFO">Clicking element '//button[contains(text(),'Log in')]'.</msg>
<status status="PASS" starttime="20221111 10:18:22.087" endtime="20221111 10:18:22.866"/>
</kw>
<kw name="Page Should Contain" library="SeleniumLibrary">
<arg>My account</arg>
<doc>Verifies that current page contains ``text``.</doc>
<msg timestamp="20221111 10:18:22.876" level="INFO">Current page contains text 'My account'.</msg>
<status status="PASS" starttime="20221111 10:18:22.866" endtime="20221111 10:18:22.876"/>
</kw>
<kw name="Sleep" library="BuiltIn">
<arg>5s</arg>
<doc>Pauses the test executed for the given time.</doc>
<msg timestamp="20221111 10:18:27.878" level="INFO">Slept 5 seconds</msg>
<status status="PASS" starttime="20221111 10:18:22.876" endtime="20221111 10:18:27.878"/>
</kw>
<status status="PASS" starttime="20221111 10:18:15.718" endtime="20221111 10:18:27.879"/>
</kw>
<kw name="Search Product" library="ShoppingPage_keywords">
<kw name="Click Element" library="SeleniumLibrary">
<arg>${search_textbox}</arg>
<doc>Click the element identified by ``locator``.</doc>
<msg timestamp="20221111 10:18:27.882" level="INFO">Clicking element '//input[@class='search-field']'.</msg>
<status status="PASS" starttime="20221111 10:18:27.880" endtime="20221111 10:18:27.944"/>
</kw>
<kw name="Input Text" library="SeleniumLibrary">
<arg>${input_searchBox}</arg>
<arg>${Product_Name}</arg>
<doc>Types the given ``text`` into the text field identified by ``locator``.</doc>
<msg timestamp="20221111 10:18:27.945" level="INFO">Typing text 'hoodie' into text field '//input[@id='woocommerce-product-search-field-0']'.</msg>
<status status="PASS" starttime="20221111 10:18:27.944" endtime="20221111 10:18:27.972"/>
</kw>
<kw name="Press Keys" library="SeleniumLibrary">
<arg>${input_searchBox}</arg>
<arg>ENTER</arg>
<doc>Simulates the user pressing key(s) to an element or on the active browser.</doc>
<msg timestamp="20221111 10:18:27.973" level="INFO">Sending key(s) ('ENTER',) to //input[@id='woocommerce-product-search-field-0'] element.</msg>
<msg timestamp="20221111 10:18:28.249" level="INFO">Pressing special key ENTER to element.</msg>
<msg timestamp="20221111 10:18:28.249" level="INFO">Releasing special key ENTER.</msg>
<status status="PASS" starttime="20221111 10:18:27.972" endtime="20221111 10:18:28.708"/>
</kw>
<status status="PASS" starttime="20221111 10:18:27.879" endtime="20221111 10:18:28.708"/>
</kw>
<kw name="Choosing And Adding product to Cart" library="ShoppingPage_keywords">
<kw name="Click Element" library="SeleniumLibrary">
<arg>${click_product}</arg>
<doc>Click the element identified by ``locator``.</doc>
<msg timestamp="20221111 10:18:28.709" level="INFO">Clicking element '//h2[contains(text(),'Hoodie with Zipper')]'.</msg>
<status status="PASS" starttime="20221111 10:18:28.709" endtime="20221111 10:18:29.790"/>
</kw>
<kw name="Input Text" library="SeleniumLibrary">
<arg>${select_quantity}</arg>
<arg>${Quantity}</arg>
<doc>Types the given ``text`` into the text field identified by ``locator``.</doc>
<msg timestamp="20221111 10:18:29.790" level="INFO">Typing text '2' into text field '//input[contains(@class,'input-text qty')]'.</msg>
<status status="PASS" starttime="20221111 10:18:29.790" endtime="20221111 10:18:29.838"/>
</kw>
<kw name="Click Element" library="SeleniumLibrary">
<arg>${cart_button}</arg>
<doc>Click the element identified by ``locator``.</doc>
<msg timestamp="20221111 10:18:29.838" level="INFO">Clicking element '//button[contains(text(),'Add to cart')]'.</msg>
<status status="PASS" starttime="20221111 10:18:29.838" endtime="20221111 10:18:30.337"/>
</kw>
<status status="PASS" starttime="20221111 10:18:28.708" endtime="20221111 10:18:30.337"/>
</kw>
<kw name="Cart Page" library="ShoppingPage_keywords">
<kw name="Click Element" library="SeleniumLibrary">
<arg>${VIEW_CART}</arg>
<doc>Click the element identified by ``locator``.</doc>
<msg timestamp="20221111 10:18:30.338" level="INFO">Clicking element '//a[contains(text(),'View cart')][1]'.</msg>
<status status="PASS" starttime="20221111 10:18:30.338" endtime="20221111 10:18:31.346"/>
</kw>
<kw name="Page Should Contain" library="SeleniumLibrary">
<arg>Cart</arg>
<doc>Verifies that current page contains ``text``.</doc>
<msg timestamp="20221111 10:18:31.355" level="INFO">Current page contains text 'Cart'.</msg>
<status status="PASS" starttime="20221111 10:18:31.346" endtime="20221111 10:18:31.355"/>
</kw>
<kw name="Get Text" library="SeleniumLibrary">
<var>${price}</var>
<arg>${get_price}</arg>
<doc>Returns the text value of the element identified by ``locator``.</doc>
<msg timestamp="20221111 10:18:31.368" level="INFO">${price} = $45.00</msg>
<status status="PASS" starttime="20221111 10:18:31.356" endtime="20221111 10:18:31.368"/>
</kw>
<kw name="Remove String" library="String">
<var>${price1}</var>
<arg>${price}</arg>
<arg>,</arg>
<arg>$</arg>
<doc>Removes all ``removables`` from the given ``string``.</doc>
<msg timestamp="20221111 10:18:31.369" level="INFO">${price1} = 45.00</msg>
<status status="PASS" starttime="20221111 10:18:31.368" endtime="20221111 10:18:31.369"/>
</kw>
<kw name="Fetch From Left" library="String">
<var>${price2}</var>
<arg>${price1}</arg>
<arg>.</arg>
<doc>Returns contents of the ``string`` before the first occurrence of ``marker``.</doc>
<msg timestamp="20221111 10:18:31.369" level="INFO">${price2} = 45</msg>
<status status="PASS" starttime="20221111 10:18:31.369" endtime="20221111 10:18:31.369"/>
</kw>
<kw name="Get Element Attribute" library="SeleniumLibrary">
<var>${quantity}</var>
<arg>${get_quantity}</arg>
<arg>value</arg>
<doc>Returns the value of ``attribute`` from the element ``locator``.</doc>
<msg timestamp="20221111 10:18:31.381" level="INFO">${quantity} = 4</msg>
<status status="PASS" starttime="20221111 10:18:31.369" endtime="20221111 10:18:31.381"/>
</kw>
<kw name="Log To Console" library="BuiltIn">
<arg>Price of single unit: ${price}</arg>
<doc>Logs the given message to the console.</doc>
<status status="PASS" starttime="20221111 10:18:31.381" endtime="20221111 10:18:31.381"/>
</kw>
<kw name="Log To Console" library="BuiltIn">
<arg>Quatity(s): ${quantity}</arg>
<doc>Logs the given message to the console.</doc>
<status status="PASS" starttime="20221111 10:18:31.381" endtime="20221111 10:18:31.381"/>
</kw>
<kw name="Evaluate" library="BuiltIn">
<var>${result}</var>
<arg>${price2} * ${quantity}</arg>
<doc>Evaluates the given expression in Python and returns the result.</doc>
<msg timestamp="20221111 10:18:31.381" level="INFO">${result} = 180</msg>
<status status="PASS" starttime="20221111 10:18:31.381" endtime="20221111 10:18:31.381"/>
</kw>
<kw name="Convert To String" library="BuiltIn">
<var>${result1}</var>
<arg>${result}</arg>
<doc>Converts the given item to a Unicode string.</doc>
<msg timestamp="20221111 10:18:31.381" level="INFO">${result1} = 180</msg>
<status status="PASS" starttime="20221111 10:18:31.381" endtime="20221111 10:18:31.381"/>
</kw>
<kw name="Log To Console" library="BuiltIn">
<arg>Total: $${result}</arg>
<doc>Logs the given message to the console.</doc>
<status status="PASS" starttime="20221111 10:18:31.381" endtime="20221111 10:18:31.381"/>
</kw>
<kw name="Get Text" library="SeleniumLibrary">
<var>${subtotal}</var>
<arg>${get_subtotal}</arg>
<doc>Returns the text value of the element identified by ``locator``.</doc>
<msg timestamp="20221111 10:18:31.392" level="INFO">${subtotal} = $180.00</msg>
<status status="PASS" starttime="20221111 10:18:31.382" endtime="20221111 10:18:31.392"/>
</kw>
<kw name="Remove String" library="String">
<var>${subtotal}</var>
<arg>${subtotal}</arg>
<arg>,</arg>
<arg>$</arg>
<doc>Removes all ``removables`` from the given ``string``.</doc>
<msg timestamp="20221111 10:18:31.392" level="INFO">${subtotal} = 180.00</msg>
<status status="PASS" starttime="20221111 10:18:31.392" endtime="20221111 10:18:31.392"/>
</kw>
<kw name="Fetch From Left" library="String">
<var>${subtotal2}</var>
<arg>${subtotal}</arg>
<arg>.</arg>
<doc>Returns contents of the ``string`` before the first occurrence of ``marker``.</doc>
<msg timestamp="20221111 10:18:31.392" level="INFO">${subtotal2} = 180</msg>
<status status="PASS" starttime="20221111 10:18:31.392" endtime="20221111 10:18:31.392"/>
</kw>
<kw name="Log To Console" library="BuiltIn">
<arg>Subtotal from Cart: $${subtotal}</arg>
<doc>Logs the given message to the console.</doc>
<status status="PASS" starttime="20221111 10:18:31.392" endtime="20221111 10:18:31.392"/>
</kw>
<kw name="Should Be Equal" library="BuiltIn">
<arg>${result1}</arg>
<arg>${subtotal2}</arg>
<doc>Fails if the given objects are unequal.</doc>
<status status="PASS" starttime="20221111 10:18:31.392" endtime="20221111 10:18:31.392"/>
</kw>
<status status="PASS" starttime="20221111 10:18:30.338" endtime="20221111 10:18:31.393"/>
</kw>
<kw name="Selecting Shipping method and Clicking Checkout" library="ShoppingPage_keywords">
<kw name="Scroll Element Into View" library="SeleniumLibrary">
<arg>${scroll_to_view_checkout_btn}</arg>
<doc>Scrolls the element identified by ``locator`` into view.</doc>
<status status="PASS" starttime="20221111 10:18:31.393" endtime="20221111 10:18:31.665"/>
</kw>
<kw name="Click Element" library="SeleniumLibrary">
<arg>${select_free-shipping_method}</arg>
<doc>Click the element identified by ``locator``.</doc>
<msg timestamp="20221111 10:18:31.665" level="INFO">Clicking element '//input[@id='shipping_method_0_free_shipping2']'.</msg>
<status status="PASS" starttime="20221111 10:18:31.665" endtime="20221111 10:18:31.693"/>
</kw>
<kw name="Sleep" library="BuiltIn">
<arg>5s</arg>
<doc>Pauses the test executed for the given time.</doc>
<msg timestamp="20221111 10:18:36.693" level="INFO">Slept 5 seconds</msg>
<status status="PASS" starttime="20221111 10:18:31.693" endtime="20221111 10:18:36.694"/>
</kw>
<kw name="Click Element" library="SeleniumLibrary">
<arg>${checkout_button}</arg>
<doc>Click the element identified by ``locator``.</doc>
<msg timestamp="20221111 10:18:36.697" level="INFO">Clicking element '(//a[@href='http://demostore.supersqa.com/checkout/'])[3]'.</msg>
<status status="PASS" starttime="20221111 10:18:36.695" endtime="20221111 10:18:37.754"/>
</kw>
<kw name="Page Should Contain" library="SeleniumLibrary">
<arg>Checkout</arg>
<doc>Verifies that current page contains ``text``.</doc>
<msg timestamp="20221111 10:18:37.761" level="INFO">Current page contains text 'Checkout'.</msg>
<status status="PASS" starttime="20221111 10:18:37.754" endtime="20221111 10:18:37.762"/>
</kw>
<status status="PASS" starttime="20221111 10:18:31.393" endtime="20221111 10:18:37.762"/>
</kw>
<kw name="Close Browser" library="SeleniumLibrary">
<doc>Closes the current browser.</doc>
<status status="PASS" starttime="20221111 10:18:37.762" endtime="20221111 10:18:37.836"/>
</kw>
<status status="PASS" starttime="20221111 10:18:15.718" endtime="20221111 10:18:37.836"/>
</test>
<doc>Keywords for Demo Store Super SQA shopping page</doc>
<status status="PASS" starttime="20221111 10:18:15.631" endtime="20221111 10:18:37.836"/>
</suite>
<statistics>
<total>
<stat pass="1" fail="0" skip="0">All Tests</stat>
</total>
<tag>
</tag>
<suite>
<stat pass="1" fail="0" skip="0" id="s1" name="ShoppingPage Testcases">ShoppingPage Testcases</stat>
</suite>
</statistics>
<errors>
</errors>
</robot>
